<?xml version="1.0" encoding="UTF-8"?>
<!-- Generated by org.testng.reporters.JUnitReportReporter -->
<testsuite hostname="atifansari-2" failures="0" tests="3" name="com.crm.testcases.HomePageTest" time="36.717" errors="0" timestamp="12 Feb 2018 23:46:31 GMT">
  <testcase classname="com.crm.testcases.HomePageTest" name="verifyUserNameTest" time="13.179"/>
  <testcase classname="com.crm.testcases.HomePageTest" name="verifyHomePageTitleTest" time="13.544"/>
  <testcase classname="com.crm.testcases.HomePageTest" name="navigatetoContacts" time="9.994"/>
</testsuite> <!-- com.crm.testcases.HomePageTest -->
